<?xml version="1.0" encoding="UTF-8"?>
<!-- Generated by org.testng.reporters.JUnitReportReporter -->
<testsuite skipped="0" hostname="DESKTOP-J1CGGHU" name="com.tests.LoginTest" tests="1" failures="0" timestamp="2021-01-21T22:43:53 IST" time="61.539" errors="0">
  <testcase name="freeCrmTitleTest" time="61.539" classname="com.tests.LoginTest"/>
  <system-out/>
</testsuite> <!-- com.tests.LoginTest -->
